<?xml version="1.0" encoding="UTF-8"?>
<coverage generated="1685070824065" clover="3.2.0">
  <project timestamp="1685070824066" name="All files">
    <metrics statements="28" coveredstatements="28" conditionals="26" coveredconditionals="25" methods="3" coveredmethods="3" elements="57" coveredelements="56" complexity="0" loc="28" ncloc="28" packages="1" files="1" classes="1"/>
    <file name="main.js" path="/home/aleksandr/2_Project/frontend-project-46/src/main.js">
      <metrics statements="28" coveredstatements="28" conditionals="26" coveredconditionals="25" methods="3" coveredmethods="3"/>
      <line num="7" count="1" type="stmt"/>
      <line num="8" count="2" type="stmt"/>
      <line num="9" count="2" type="stmt"/>
      <line num="10" count="2" type="stmt"/>
      <line num="11" count="10" type="stmt"/>
      <line num="12" count="10" type="stmt"/>
      <line num="13" count="10" type="stmt"/>
      <line num="15" count="10" type="cond" truecount="4" falsecount="0"/>
      <line num="16" count="2" type="stmt"/>
      <line num="18" count="8" type="cond" truecount="5" falsecount="0"/>
      <line num="19" count="3" type="stmt"/>
      <line num="21" count="5" type="cond" truecount="5" falsecount="0"/>
      <line num="22" count="3" type="stmt"/>
      <line num="23" count="3" type="stmt"/>
      <line num="25" count="2" type="cond" truecount="3" falsecount="1"/>
      <line num="26" count="2" type="stmt"/>
      <line num="29" count="2" type="stmt"/>
      <line num="31" count="2" type="stmt"/>
      <line num="34" count="1" type="stmt"/>
      <line num="37" count="8" type="stmt"/>
      <line num="39" count="2" type="cond" truecount="4" falsecount="0"/>
      <line num="40" count="1" type="stmt"/>
      <line num="41" count="1" type="stmt"/>
      <line num="46" count="2" type="cond" truecount="4" falsecount="0"/>
      <line num="47" count="1" type="stmt"/>
      <line num="48" count="1" type="stmt"/>
      <line num="51" count="2" type="stmt"/>
      <line num="52" count="2" type="stmt"/>
    </file>
  </project>
</coverage>
