{"/home/aleksandr/2_Project/frontend-project-46/src/main.js": {"path":"/home/aleksandr/2_Project/frontend-project-46/src/main.js","statementMap":{"0":{"start":{"line":7,"column":24},"end":{"line":32,"column":1}},"1":{"start":{"line":8,"column":31},"end":{"line":8,"column":92}},"2":{"start":{"line":9,"column":15},"end":{"line":9,"column":20}},"3":{"start":{"line":10,"column":2},"end":{"line":28,"column":3}},"4":{"start":{"line":10,"column":15},"end":{"line":10,"column":16}},"5":{"start":{"line":11,"column":16},"end":{"line":11,"column":39}},"6":{"start":{"line":12,"column":24},"end":{"line":12,"column":71}},"7":{"start":{"line":13,"column":24},"end":{"line":13,"column":71}},"8":{"start":{"line":15,"column":4},"end":{"line":27,"column":5}},"9":{"start":{"line":16,"column":6},"end":{"line":16,"column":45}},"10":{"start":{"line":18,"column":11},"end":{"line":27,"column":5}},"11":{"start":{"line":19,"column":6},"end":{"line":19,"column":45}},"12":{"start":{"line":21,"column":11},"end":{"line":27,"column":5}},"13":{"start":{"line":22,"column":6},"end":{"line":22,"column":45}},"14":{"start":{"line":23,"column":6},"end":{"line":23,"column":45}},"15":{"start":{"line":25,"column":11},"end":{"line":27,"column":5}},"16":{"start":{"line":26,"column":6},"end":{"line":26,"column":45}},"17":{"start":{"line":29,"column":2},"end":{"line":29,"column":16}},"18":{"start":{"line":31,"column":2},"end":{"line":31,"column":16}},"19":{"start":{"line":34,"column":25},"end":{"line":53,"column":1}},"20":{"start":{"line":37,"column":26},"end":{"line":37,"column":70}},"21":{"start":{"line":37,"column":46},"end":{"line":37,"column":70}},"22":{"start":{"line":39,"column":2},"end":{"line":43,"column":3}},"23":{"start":{"line":40,"column":4},"end":{"line":40,"column":69}},"24":{"start":{"line":41,"column":4},"end":{"line":41,"column":69}},"25":{"start":{"line":46,"column":2},"end":{"line":49,"column":3}},"26":{"start":{"line":47,"column":4},"end":{"line":47,"column":60}},"27":{"start":{"line":48,"column":4},"end":{"line":48,"column":60}},"28":{"start":{"line":51,"column":17},"end":{"line":51,"column":50}},"29":{"start":{"line":52,"column":2},"end":{"line":52,"column":16}}},"fnMap":{"0":{"name":"(anonymous_0)","decl":{"start":{"line":7,"column":24},"end":{"line":7,"column":25}},"loc":{"start":{"line":7,"column":40},"end":{"line":32,"column":1}},"line":7},"1":{"name":"(anonymous_1)","decl":{"start":{"line":34,"column":25},"end":{"line":34,"column":26}},"loc":{"start":{"line":34,"column":51},"end":{"line":53,"column":1}},"line":34},"2":{"name":"(anonymous_2)","decl":{"start":{"line":37,"column":26},"end":{"line":37,"column":27}},"loc":{"start":{"line":37,"column":46},"end":{"line":37,"column":70}},"line":37}},"branchMap":{"0":{"loc":{"start":{"line":15,"column":4},"end":{"line":27,"column":5}},"type":"if","locations":[{"start":{"line":15,"column":4},"end":{"line":27,"column":5}},{"start":{"line":18,"column":11},"end":{"line":27,"column":5}}],"line":15},"1":{"loc":{"start":{"line":15,"column":8},"end":{"line":15,"column":35}},"type":"binary-expr","locations":[{"start":{"line":15,"column":8},"end":{"line":15,"column":19}},{"start":{"line":15,"column":23},"end":{"line":15,"column":35}}],"line":15},"2":{"loc":{"start":{"line":18,"column":11},"end":{"line":27,"column":5}},"type":"if","locations":[{"start":{"line":18,"column":11},"end":{"line":27,"column":5}},{"start":{"line":21,"column":11},"end":{"line":27,"column":5}}],"line":18},"3":{"loc":{"start":{"line":18,"column":15},"end":{"line":18,"column":68}},"type":"binary-expr","locations":[{"start":{"line":18,"column":15},"end":{"line":18,"column":26}},{"start":{"line":18,"column":30},"end":{"line":18,"column":41}},{"start":{"line":18,"column":45},"end":{"line":18,"column":68}}],"line":18},"4":{"loc":{"start":{"line":21,"column":11},"end":{"line":27,"column":5}},"type":"if","locations":[{"start":{"line":21,"column":11},"end":{"line":27,"column":5}},{"start":{"line":25,"column":11},"end":{"line":27,"column":5}}],"line":21},"5":{"loc":{"start":{"line":21,"column":15},"end":{"line":21,"column":68}},"type":"binary-expr","locations":[{"start":{"line":21,"column":15},"end":{"line":21,"column":26}},{"start":{"line":21,"column":30},"end":{"line":21,"column":41}},{"start":{"line":21,"column":45},"end":{"line":21,"column":68}}],"line":21},"6":{"loc":{"start":{"line":25,"column":11},"end":{"line":27,"column":5}},"type":"if","locations":[{"start":{"line":25,"column":11},"end":{"line":27,"column":5}},{"start":{},"end":{}}],"line":25},"7":{"loc":{"start":{"line":25,"column":15},"end":{"line":25,"column":42}},"type":"binary-expr","locations":[{"start":{"line":25,"column":15},"end":{"line":25,"column":27}},{"start":{"line":25,"column":31},"end":{"line":25,"column":42}}],"line":25},"8":{"loc":{"start":{"line":39,"column":2},"end":{"line":43,"column":3}},"type":"if","locations":[{"start":{"line":39,"column":2},"end":{"line":43,"column":3}},{"start":{},"end":{}}],"line":39},"9":{"loc":{"start":{"line":39,"column":6},"end":{"line":39,"column":73}},"type":"binary-expr","locations":[{"start":{"line":39,"column":6},"end":{"line":39,"column":32}},{"start":{"line":39,"column":36},"end":{"line":39,"column":73}}],"line":39},"10":{"loc":{"start":{"line":46,"column":2},"end":{"line":49,"column":3}},"type":"if","locations":[{"start":{"line":46,"column":2},"end":{"line":49,"column":3}},{"start":{},"end":{}}],"line":46},"11":{"loc":{"start":{"line":46,"column":6},"end":{"line":46,"column":73}},"type":"binary-expr","locations":[{"start":{"line":46,"column":6},"end":{"line":46,"column":32}},{"start":{"line":46,"column":36},"end":{"line":46,"column":73}}],"line":46}},"s":{"0":1,"1":2,"2":2,"3":2,"4":2,"5":10,"6":10,"7":10,"8":10,"9":2,"10":8,"11":3,"12":5,"13":3,"14":3,"15":2,"16":2,"17":2,"18":2,"19":1,"20":2,"21":8,"22":2,"23":1,"24":1,"25":2,"26":1,"27":1,"28":2,"29":2},"f":{"0":2,"1":2,"2":8},"b":{"0":[2,8],"1":[10,8],"2":[3,5],"3":[8,6,6],"4":[3,2],"5":[5,3,3],"6":[2,0],"7":[2,2],"8":[1,1],"9":[2,2],"10":[1,1],"11":[2,2]},"_coverageSchema":"1a1c01bbd47fc00a2c39e90264f33305004495a9","hash":"e9d3ce49e1de125d923a8fd5206444a6d96bdd22"}
}
