{"/home/aleksandr/2_Project/frontend-project-46/bin/buildTree.js": {"path":"/home/aleksandr/2_Project/frontend-project-46/bin/buildTree.js","statementMap":{"0":{"start":{"line":3,"column":27},"end":{"line":8,"column":1}},"1":{"start":{"line":4,"column":15},"end":{"line":4,"column":58}},"2":{"start":{"line":5,"column":19},"end":{"line":5,"column":31}},"3":{"start":{"line":6,"column":21},"end":{"line":6,"column":39}},"4":{"start":{"line":7,"column":2},"end":{"line":7,"column":20}},"5":{"start":{"line":11,"column":18},"end":{"line":35,"column":1}},"6":{"start":{"line":13,"column":21},"end":{"line":13,"column":53}},"7":{"start":{"line":15,"column":2},"end":{"line":34,"column":5}},"8":{"start":{"line":17,"column":19},"end":{"line":17,"column":29}},"9":{"start":{"line":18,"column":19},"end":{"line":18,"column":29}},"10":{"start":{"line":19,"column":4},"end":{"line":21,"column":5}},"11":{"start":{"line":20,"column":6},"end":{"line":20,"column":51}},"12":{"start":{"line":22,"column":4},"end":{"line":24,"column":5}},"13":{"start":{"line":23,"column":6},"end":{"line":23,"column":53}},"14":{"start":{"line":25,"column":4},"end":{"line":27,"column":5}},"15":{"start":{"line":26,"column":6},"end":{"line":26,"column":77}},"16":{"start":{"line":28,"column":4},"end":{"line":32,"column":5}},"17":{"start":{"line":29,"column":6},"end":{"line":31,"column":8}},"18":{"start":{"line":33,"column":4},"end":{"line":33,"column":53}}},"fnMap":{"0":{"name":"(anonymous_0)","decl":{"start":{"line":3,"column":27},"end":{"line":3,"column":28}},"loc":{"start":{"line":3,"column":43},"end":{"line":8,"column":1}},"line":3},"1":{"name":"(anonymous_1)","decl":{"start":{"line":11,"column":18},"end":{"line":11,"column":19}},"loc":{"start":{"line":11,"column":36},"end":{"line":35,"column":1}},"line":11},"2":{"name":"(anonymous_2)","decl":{"start":{"line":15,"column":24},"end":{"line":15,"column":25}},"loc":{"start":{"line":15,"column":33},"end":{"line":34,"column":3}},"line":15}},"branchMap":{"0":{"loc":{"start":{"line":19,"column":4},"end":{"line":21,"column":5}},"type":"if","locations":[{"start":{"line":19,"column":4},"end":{"line":21,"column":5}},{"start":{},"end":{}}],"line":19},"1":{"loc":{"start":{"line":22,"column":4},"end":{"line":24,"column":5}},"type":"if","locations":[{"start":{"line":22,"column":4},"end":{"line":24,"column":5}},{"start":{},"end":{}}],"line":22},"2":{"loc":{"start":{"line":25,"column":4},"end":{"line":27,"column":5}},"type":"if","locations":[{"start":{"line":25,"column":4},"end":{"line":27,"column":5}},{"start":{},"end":{}}],"line":25},"3":{"loc":{"start":{"line":25,"column":8},"end":{"line":25,"column":58}},"type":"binary-expr","locations":[{"start":{"line":25,"column":8},"end":{"line":25,"column":31}},{"start":{"line":25,"column":35},"end":{"line":25,"column":58}}],"line":25},"4":{"loc":{"start":{"line":28,"column":4},"end":{"line":32,"column":5}},"type":"if","locations":[{"start":{"line":28,"column":4},"end":{"line":32,"column":5}},{"start":{},"end":{}}],"line":28}},"s":{"0":1,"1":36,"2":36,"3":36,"4":36,"5":1,"6":36,"7":36,"8":138,"9":138,"10":138,"11":36,"12":102,"13":24,"14":78,"15":24,"16":54,"17":30,"18":24},"f":{"0":36,"1":36,"2":138},"b":{"0":[36,102],"1":[24,78],"2":[24,54],"3":[78,30],"4":[30,24]},"_coverageSchema":"1a1c01bbd47fc00a2c39e90264f33305004495a9","hash":"8659199cba894b090bd0b2691fe20050b0cd731b"}
,"/home/aleksandr/2_Project/frontend-project-46/bin/parsers.js": {"path":"/home/aleksandr/2_Project/frontend-project-46/bin/parsers.js","statementMap":{"0":{"start":{"line":5,"column":18},"end":{"line":15,"column":1}},"1":{"start":{"line":6,"column":24},"end":{"line":6,"column":46}},"2":{"start":{"line":7,"column":2},"end":{"line":10,"column":3}},"3":{"start":{"line":8,"column":24},"end":{"line":8,"column":63}},"4":{"start":{"line":9,"column":4},"end":{"line":9,"column":35}},"5":{"start":{"line":10,"column":4},"end":{"line":13,"column":3}},"6":{"start":{"line":11,"column":24},"end":{"line":11,"column":57}},"7":{"start":{"line":12,"column":4},"end":{"line":12,"column":34}},"8":{"start":{"line":14,"column":2},"end":{"line":14,"column":63}}},"fnMap":{"0":{"name":"(anonymous_0)","decl":{"start":{"line":5,"column":18},"end":{"line":5,"column":19}},"loc":{"start":{"line":5,"column":32},"end":{"line":15,"column":1}},"line":5}},"branchMap":{"0":{"loc":{"start":{"line":7,"column":2},"end":{"line":10,"column":3}},"type":"if","locations":[{"start":{"line":7,"column":2},"end":{"line":10,"column":3}},{"start":{},"end":{}}],"line":7},"1":{"loc":{"start":{"line":10,"column":4},"end":{"line":13,"column":3}},"type":"if","locations":[{"start":{"line":10,"column":4},"end":{"line":13,"column":3}},{"start":{},"end":{}}],"line":10},"2":{"loc":{"start":{"line":10,"column":8},"end":{"line":10,"column":61}},"type":"binary-expr","locations":[{"start":{"line":10,"column":8},"end":{"line":10,"column":33}},{"start":{"line":10,"column":37},"end":{"line":10,"column":61}}],"line":10}},"s":{"0":1,"1":25,"2":25,"3":12,"4":12,"5":13,"6":12,"7":12,"8":1},"f":{"0":25},"b":{"0":[12,13],"1":[12,1],"2":[13,7]},"_coverageSchema":"1a1c01bbd47fc00a2c39e90264f33305004495a9","hash":"04984821403a8bf8ec7e1ce4c7f8c417cd02418b"}
,"/home/aleksandr/2_Project/frontend-project-46/bin/formatters/index.js": {"path":"/home/aleksandr/2_Project/frontend-project-46/bin/formatters/index.js","statementMap":{"0":{"start":{"line":5,"column":21},"end":{"line":20,"column":1}},"1":{"start":{"line":8,"column":2},"end":{"line":19,"column":3}},"2":{"start":{"line":10,"column":6},"end":{"line":10,"column":46}},"3":{"start":{"line":13,"column":6},"end":{"line":13,"column":44}},"4":{"start":{"line":16,"column":6},"end":{"line":16,"column":43}},"5":{"start":{"line":18,"column":13},"end":{"line":18,"column":57}}},"fnMap":{"0":{"name":"(anonymous_0)","decl":{"start":{"line":5,"column":21},"end":{"line":5,"column":22}},"loc":{"start":{"line":5,"column":52},"end":{"line":20,"column":1}},"line":5}},"branchMap":{"0":{"loc":{"start":{"line":8,"column":2},"end":{"line":19,"column":3}},"type":"switch","locations":[{"start":{"line":9,"column":4},"end":{"line":10,"column":46}},{"start":{"line":12,"column":4},"end":{"line":13,"column":44}},{"start":{"line":15,"column":4},"end":{"line":16,"column":43}},{"start":{"line":18,"column":4},"end":{"line":18,"column":57}}],"line":8}},"s":{"0":1,"1":13,"2":4,"3":4,"4":4,"5":1},"f":{"0":13},"b":{"0":[4,4,4,1]},"_coverageSchema":"1a1c01bbd47fc00a2c39e90264f33305004495a9","hash":"d48171035145d2c9de97a10eeecdc324a77f371a"}
,"/home/aleksandr/2_Project/frontend-project-46/bin/formatters/json.js": {"path":"/home/aleksandr/2_Project/frontend-project-46/bin/formatters/json.js","statementMap":{"0":{"start":{"line":1,"column":19},"end":{"line":1,"column":68}},"1":{"start":{"line":1,"column":34},"end":{"line":1,"column":68}}},"fnMap":{"0":{"name":"(anonymous_0)","decl":{"start":{"line":1,"column":19},"end":{"line":1,"column":20}},"loc":{"start":{"line":1,"column":34},"end":{"line":1,"column":68}},"line":1}},"branchMap":{},"s":{"0":1,"1":4},"f":{"0":4},"b":{},"_coverageSchema":"1a1c01bbd47fc00a2c39e90264f33305004495a9","hash":"c89de12ca36669fc7f83d0e81efe10ed18b42927"}
,"/home/aleksandr/2_Project/frontend-project-46/bin/formatters/plain.js": {"path":"/home/aleksandr/2_Project/frontend-project-46/bin/formatters/plain.js","statementMap":{"0":{"start":{"line":1,"column":20},"end":{"line":14,"column":1}},"1":{"start":{"line":2,"column":2},"end":{"line":13,"column":3}},"2":{"start":{"line":4,"column":6},"end":{"line":4,"column":20}},"3":{"start":{"line":7,"column":6},"end":{"line":7,"column":31}},"4":{"start":{"line":10,"column":6},"end":{"line":10,"column":26}},"5":{"start":{"line":12,"column":13},"end":{"line":12,"column":34}},"6":{"start":{"line":16,"column":20},"end":{"line":36,"column":1}},"7":{"start":{"line":18,"column":17},"end":{"line":34,"column":17}},"8":{"start":{"line":18,"column":36},"end":{"line":34,"column":17}},"9":{"start":{"line":19,"column":22},"end":{"line":19,"column":47}},"10":{"start":{"line":21,"column":23},"end":{"line":21,"column":66}},"11":{"start":{"line":22,"column":6},"end":{"line":33,"column":7}},"12":{"start":{"line":24,"column":10},"end":{"line":24,"column":91}},"13":{"start":{"line":26,"column":10},"end":{"line":26,"column":54}},"14":{"start":{"line":28,"column":10},"end":{"line":28,"column":119}},"15":{"start":{"line":30,"column":10},"end":{"line":30,"column":54}},"16":{"start":{"line":32,"column":10},"end":{"line":32,"column":68}},"17":{"start":{"line":35,"column":2},"end":{"line":35,"column":30}}},"fnMap":{"0":{"name":"(anonymous_0)","decl":{"start":{"line":1,"column":20},"end":{"line":1,"column":21}},"loc":{"start":{"line":1,"column":31},"end":{"line":14,"column":1}},"line":1},"1":{"name":"(anonymous_1)","decl":{"start":{"line":16,"column":20},"end":{"line":16,"column":21}},"loc":{"start":{"line":16,"column":35},"end":{"line":36,"column":1}},"line":16},"2":{"name":"(anonymous_2)","decl":{"start":{"line":18,"column":17},"end":{"line":18,"column":18}},"loc":{"start":{"line":18,"column":36},"end":{"line":34,"column":17}},"line":18},"3":{"name":"(anonymous_3)","decl":{"start":{"line":19,"column":12},"end":{"line":19,"column":13}},"loc":{"start":{"line":19,"column":22},"end":{"line":19,"column":47}},"line":19},"4":{"name":"(anonymous_4)","decl":{"start":{"line":20,"column":9},"end":{"line":20,"column":10}},"loc":{"start":{"line":20,"column":19},"end":{"line":34,"column":5}},"line":20}},"branchMap":{"0":{"loc":{"start":{"line":2,"column":2},"end":{"line":13,"column":3}},"type":"switch","locations":[{"start":{"line":3,"column":4},"end":{"line":4,"column":20}},{"start":{"line":6,"column":4},"end":{"line":7,"column":31}},{"start":{"line":9,"column":4},"end":{"line":10,"column":26}},{"start":{"line":12,"column":4},"end":{"line":12,"column":34}}],"line":2},"1":{"loc":{"start":{"line":21,"column":23},"end":{"line":21,"column":66}},"type":"cond-expr","locations":[{"start":{"line":21,"column":32},"end":{"line":21,"column":55}},{"start":{"line":21,"column":58},"end":{"line":21,"column":66}}],"line":21},"2":{"loc":{"start":{"line":22,"column":6},"end":{"line":33,"column":7}},"type":"switch","locations":[{"start":{"line":23,"column":8},"end":{"line":24,"column":91}},{"start":{"line":25,"column":8},"end":{"line":26,"column":54}},{"start":{"line":27,"column":8},"end":{"line":28,"column":119}},{"start":{"line":29,"column":8},"end":{"line":30,"column":54}},{"start":{"line":31,"column":8},"end":{"line":32,"column":68}}],"line":22}},"s":{"0":1,"1":32,"2":2,"3":6,"4":14,"5":10,"6":1,"7":5,"8":13,"9":48,"10":39,"11":39,"12":12,"13":8,"14":10,"15":8,"16":1,"17":5},"f":{"0":32,"1":5,"2":13,"3":48,"4":39},"b":{"0":[2,6,14,10],"1":[22,17],"2":[12,8,10,8,1]},"_coverageSchema":"1a1c01bbd47fc00a2c39e90264f33305004495a9","hash":"519e7a63853d30a49a5362c5d918f8d88e84627e"}
,"/home/aleksandr/2_Project/frontend-project-46/bin/formatters/stylish.js": {"path":"/home/aleksandr/2_Project/frontend-project-46/bin/formatters/stylish.js","statementMap":{"0":{"start":{"line":3,"column":15},"end":{"line":3,"column":53}},"1":{"start":{"line":3,"column":26},"end":{"line":3,"column":53}},"2":{"start":{"line":6,"column":18},"end":{"line":13,"column":1}},"3":{"start":{"line":7,"column":2},"end":{"line":9,"column":3}},"4":{"start":{"line":8,"column":4},"end":{"line":8,"column":17}},"5":{"start":{"line":10,"column":15},"end":{"line":10,"column":33}},"6":{"start":{"line":11,"column":18},"end":{"line":11,"column":104}},"7":{"start":{"line":11,"column":36},"end":{"line":11,"column":103}},"8":{"start":{"line":12,"column":2},"end":{"line":12,"column":57}},"9":{"start":{"line":15,"column":22},"end":{"line":35,"column":1}},"10":{"start":{"line":16,"column":15},"end":{"line":33,"column":4}},"11":{"start":{"line":16,"column":32},"end":{"line":33,"column":4}},"12":{"start":{"line":18,"column":21},"end":{"line":18,"column":105}},"13":{"start":{"line":18,"column":38},"end":{"line":18,"column":105}},"14":{"start":{"line":19,"column":4},"end":{"line":32,"column":5}},"15":{"start":{"line":21,"column":8},"end":{"line":21,"column":41}},"16":{"start":{"line":23,"column":8},"end":{"line":23,"column":41}},"17":{"start":{"line":25,"column":8},"end":{"line":25,"column":41}},"18":{"start":{"line":27,"column":8},"end":{"line":27,"column":76}},"19":{"start":{"line":29,"column":8},"end":{"line":29,"column":115}},"20":{"start":{"line":31,"column":8},"end":{"line":31,"column":66}},"21":{"start":{"line":34,"column":2},"end":{"line":34,"column":46}}},"fnMap":{"0":{"name":"(anonymous_0)","decl":{"start":{"line":3,"column":15},"end":{"line":3,"column":16}},"loc":{"start":{"line":3,"column":26},"end":{"line":3,"column":53}},"line":3},"1":{"name":"(anonymous_1)","decl":{"start":{"line":6,"column":18},"end":{"line":6,"column":19}},"loc":{"start":{"line":6,"column":36},"end":{"line":13,"column":1}},"line":6},"2":{"name":"(anonymous_2)","decl":{"start":{"line":11,"column":27},"end":{"line":11,"column":28}},"loc":{"start":{"line":11,"column":36},"end":{"line":11,"column":103}},"line":11},"3":{"name":"(anonymous_3)","decl":{"start":{"line":15,"column":22},"end":{"line":15,"column":23}},"loc":{"start":{"line":15,"column":37},"end":{"line":35,"column":1}},"line":15},"4":{"name":"(anonymous_4)","decl":{"start":{"line":16,"column":15},"end":{"line":16,"column":16}},"loc":{"start":{"line":16,"column":32},"end":{"line":33,"column":4}},"line":16},"5":{"name":"(anonymous_5)","decl":{"start":{"line":16,"column":41},"end":{"line":16,"column":42}},"loc":{"start":{"line":16,"column":51},"end":{"line":33,"column":3}},"line":16},"6":{"name":"(anonymous_6)","decl":{"start":{"line":18,"column":21},"end":{"line":18,"column":22}},"loc":{"start":{"line":18,"column":38},"end":{"line":18,"column":105}},"line":18}},"branchMap":{"0":{"loc":{"start":{"line":7,"column":2},"end":{"line":9,"column":3}},"type":"if","locations":[{"start":{"line":7,"column":2},"end":{"line":9,"column":3}},{"start":{},"end":{}}],"line":7},"1":{"loc":{"start":{"line":19,"column":4},"end":{"line":32,"column":5}},"type":"switch","locations":[{"start":{"line":20,"column":6},"end":{"line":21,"column":41}},{"start":{"line":22,"column":6},"end":{"line":23,"column":41}},{"start":{"line":24,"column":6},"end":{"line":25,"column":41}},{"start":{"line":26,"column":6},"end":{"line":27,"column":76}},{"start":{"line":28,"column":6},"end":{"line":29,"column":115}},{"start":{"line":30,"column":6},"end":{"line":31,"column":66}}],"line":19}},"s":{"0":1,"1":96,"2":1,"3":66,"4":52,"5":14,"6":14,"7":18,"8":14,"9":1,"10":5,"11":13,"12":47,"13":48,"14":47,"15":12,"16":8,"17":8,"18":10,"19":8,"20":1,"21":5},"f":{"0":96,"1":66,"2":18,"3":5,"4":13,"5":47,"6":48},"b":{"0":[52,14],"1":[12,8,8,10,8,1]},"_coverageSchema":"1a1c01bbd47fc00a2c39e90264f33305004495a9","hash":"c1cf88201f9188c98d3b53b87c77eaf8b17e1878"}
,"/home/aleksandr/2_Project/frontend-project-46/src/main.js": {"path":"/home/aleksandr/2_Project/frontend-project-46/src/main.js","statementMap":{"0":{"start":{"line":6,"column":25},"end":{"line":15,"column":1}},"1":{"start":{"line":7,"column":18},"end":{"line":7,"column":38}},"2":{"start":{"line":8,"column":18},"end":{"line":8,"column":38}},"3":{"start":{"line":9,"column":28},"end":{"line":9,"column":55}},"4":{"start":{"line":12,"column":2},"end":{"line":12,"column":49}}},"fnMap":{"0":{"name":"(anonymous_0)","decl":{"start":{"line":6,"column":25},"end":{"line":6,"column":26}},"loc":{"start":{"line":6,"column":71},"end":{"line":15,"column":1}},"line":6}},"branchMap":{"0":{"loc":{"start":{"line":6,"column":48},"end":{"line":6,"column":66}},"type":"default-arg","locations":[{"start":{"line":6,"column":57},"end":{"line":6,"column":66}}],"line":6}},"s":{"0":1,"1":12,"2":12,"3":12,"4":12},"f":{"0":12},"b":{"0":[4]},"_coverageSchema":"1a1c01bbd47fc00a2c39e90264f33305004495a9","hash":"7b025720785de22b86eba45c68029c5b77c7372b"}
}
