TN:
SF:src/main.js
FN:7,(anonymous_0)
FN:34,(anonymous_1)
FN:37,(anonymous_2)
FNF:3
FNH:3
FNDA:2,(anonymous_0)
FNDA:2,(anonymous_1)
FNDA:8,(anonymous_2)
DA:7,1
DA:8,2
DA:9,2
DA:10,2
DA:11,10
DA:12,10
DA:13,10
DA:15,10
DA:16,2
DA:18,8
DA:19,3
DA:21,5
DA:22,3
DA:23,3
DA:25,2
DA:26,2
DA:29,2
DA:31,2
DA:34,1
DA:37,8
DA:39,2
DA:40,1
DA:41,1
DA:46,2
DA:47,1
DA:48,1
DA:51,2
DA:52,2
LF:28
LH:28
BRDA:15,0,0,2
BRDA:15,0,1,8
BRDA:15,1,0,10
BRDA:15,1,1,8
BRDA:18,2,0,3
BRDA:18,2,1,5
BRDA:18,3,0,8
BRDA:18,3,1,6
BRDA:18,3,2,6
BRDA:21,4,0,3
BRDA:21,4,1,2
BRDA:21,5,0,5
BRDA:21,5,1,3
BRDA:21,5,2,3
BRDA:25,6,0,2
BRDA:25,6,1,0
BRDA:25,7,0,2
BRDA:25,7,1,2
BRDA:39,8,0,1
BRDA:39,8,1,1
BRDA:39,9,0,2
BRDA:39,9,1,2
BRDA:46,10,0,1
BRDA:46,10,1,1
BRDA:46,11,0,2
BRDA:46,11,1,2
BRF:26
BRH:25
end_of_record
