TN:
SF:bin/buildTree.js
FN:3,(anonymous_0)
FN:11,(anonymous_1)
FN:15,(anonymous_2)
FNF:3
FNH:3
FNDA:36,(anonymous_0)
FNDA:36,(anonymous_1)
FNDA:138,(anonymous_2)
DA:3,1
DA:4,36
DA:5,36
DA:6,36
DA:7,36
DA:11,1
DA:13,36
DA:15,36
DA:17,138
DA:18,138
DA:19,138
DA:20,36
DA:22,102
DA:23,24
DA:25,78
DA:26,24
DA:28,54
DA:29,30
DA:33,24
LF:19
LH:19
BRDA:19,0,0,36
BRDA:19,0,1,102
BRDA:22,1,0,24
BRDA:22,1,1,78
BRDA:25,2,0,24
BRDA:25,2,1,54
BRDA:25,3,0,78
BRDA:25,3,1,30
BRDA:28,4,0,30
BRDA:28,4,1,24
BRF:10
BRH:10
end_of_record
TN:
SF:bin/parsers.js
FN:5,(anonymous_0)
FNF:1
FNH:1
FNDA:25,(anonymous_0)
DA:5,1
DA:6,25
DA:7,25
DA:8,12
DA:9,12
DA:10,13
DA:11,12
DA:12,12
DA:14,1
LF:9
LH:9
BRDA:7,0,0,12
BRDA:7,0,1,13
BRDA:10,1,0,12
BRDA:10,1,1,1
BRDA:10,2,0,13
BRDA:10,2,1,7
BRF:6
BRH:6
end_of_record
TN:
SF:bin/formatters/index.js
FN:5,(anonymous_0)
FNF:1
FNH:1
FNDA:13,(anonymous_0)
DA:5,1
DA:8,13
DA:10,4
DA:13,4
DA:16,4
DA:18,1
LF:6
LH:6
BRDA:8,0,0,4
BRDA:8,0,1,4
BRDA:8,0,2,4
BRDA:8,0,3,1
BRF:4
BRH:4
end_of_record
TN:
SF:bin/formatters/json.js
FN:1,(anonymous_0)
FNF:1
FNH:1
FNDA:4,(anonymous_0)
DA:1,4
LF:1
LH:1
BRF:0
BRH:0
end_of_record
TN:
SF:bin/formatters/plain.js
FN:1,(anonymous_0)
FN:16,(anonymous_1)
FN:18,(anonymous_2)
FN:19,(anonymous_3)
FN:20,(anonymous_4)
FNF:5
FNH:5
FNDA:32,(anonymous_0)
FNDA:5,(anonymous_1)
FNDA:13,(anonymous_2)
FNDA:48,(anonymous_3)
FNDA:39,(anonymous_4)
DA:1,1
DA:2,32
DA:4,2
DA:7,6
DA:10,14
DA:12,10
DA:16,1
DA:18,13
DA:19,48
DA:21,39
DA:22,39
DA:24,12
DA:26,8
DA:28,10
DA:30,8
DA:32,1
DA:35,5
LF:17
LH:17
BRDA:2,0,0,2
BRDA:2,0,1,6
BRDA:2,0,2,14
BRDA:2,0,3,10
BRDA:21,1,0,22
BRDA:21,1,1,17
BRDA:22,2,0,12
BRDA:22,2,1,8
BRDA:22,2,2,10
BRDA:22,2,3,8
BRDA:22,2,4,1
BRF:11
BRH:11
end_of_record
TN:
SF:bin/formatters/stylish.js
FN:3,(anonymous_0)
FN:6,(anonymous_1)
FN:11,(anonymous_2)
FN:15,(anonymous_3)
FN:16,(anonymous_4)
FN:16,(anonymous_5)
FN:18,(anonymous_6)
FNF:7
FNH:7
FNDA:96,(anonymous_0)
FNDA:66,(anonymous_1)
FNDA:18,(anonymous_2)
FNDA:5,(anonymous_3)
FNDA:13,(anonymous_4)
FNDA:47,(anonymous_5)
FNDA:48,(anonymous_6)
DA:3,96
DA:6,1
DA:7,66
DA:8,52
DA:10,14
DA:11,18
DA:12,14
DA:15,1
DA:16,13
DA:18,48
DA:19,47
DA:21,12
DA:23,8
DA:25,8
DA:27,10
DA:29,8
DA:31,1
DA:34,5
LF:18
LH:18
BRDA:7,0,0,52
BRDA:7,0,1,14
BRDA:19,1,0,12
BRDA:19,1,1,8
BRDA:19,1,2,8
BRDA:19,1,3,10
BRDA:19,1,4,8
BRDA:19,1,5,1
BRF:8
BRH:8
end_of_record
TN:
SF:src/main.js
FN:6,(anonymous_0)
FNF:1
FNH:1
FNDA:12,(anonymous_0)
DA:6,1
DA:7,12
DA:8,12
DA:9,12
DA:12,12
LF:5
LH:5
BRDA:6,0,0,4
BRF:1
BRH:1
end_of_record
